p/1593393417069.png 1 0 0 257 250
p/1593393417068.png 1 0 0 263 247
p/1593393417067.png 1 0 0 284 268
p/1593393417066.png 1 0 0 260 269
p/1593393417065.png 1 0 0 252 268
p/1593393417064.png 1 0 0 255 276
p/1593393417063.png 1 0 0 315 290
p/1593393417062.png 1 0 0 272 283
p/1593393417061.png 1 0 0 310 286
p/1593393417060.png 1 0 0 256 269
p/1593393417059.png 1 0 0 288 267
p/1593393417058.png 1 0 0 270 275
p/1593393417057.png 1 0 0 290 265
p/1593393417056.png 1 0 0 307 276
p/1593393417055.png 1 0 0 281 314
p/1593393417054.png 1 0 0 324 269
p/1593393417053.png 1 0 0 280 275
p/1593393417052.png 1 0 0 273 267
p/1593393417051.png 1 0 0 269 255
p/1593393417050.png 1 0 0 276 261
p/1593393417049.png 1 0 0 272 272
p/1593393417048.png 1 0 0 273 261
p/1593393417047.png 1 0 0 261 264
p/1593393417046.png 1 0 0 261 276
p/1593393417045.png 1 0 0 265 253
p/1593393417044.png 1 0 0 250 254
p/1593393417043.png 1 0 0 268 261
p/1593393417042.png 1 0 0 259 268
p/1593393417041.png 1 0 0 289 318
p/1593393417040.png 1 0 0 302 280
p/1593393417039.png 1 0 0 293 271
p/1593393417038.png 1 0 0 298 257
p/1593393417037.png 1 0 0 299 259
p/1593393417036.png 1 0 0 281 262
p/1593393417035.png 1 0 0 269 260
p/1593393417034.png 1 0 0 273 256
p/1593393417033.png 1 0 0 260 258
p/1593393417032.png 1 0 0 245 251
p/1593393417031.png 1 0 0 277 264
p/1593393417030.png 1 0 0 284 282
p/1593393417029.png 1 0 0 287 277
p/1593393417028.png 1 0 0 276 279
p/1593393417027.png 1 0 0 301 274
p/1593393417026.png 1 0 0 269 285
p/1593393417025.png 1 0 0 270 269
p/1593393417024.png 1 0 0 268 273
p/1593393417023.png 1 0 0 280 276
p/1593393417022.png 1 0 0 279 274
p/1593393417021.png 1 0 0 277 279
p/1593393417020.png 1 0 0 313 281
p/1593393417019.png 1 0 0 272 251
p/1593393417018.png 1 0 0 265 256
p/1593393417017.png 1 0 0 270 270
p/1593393417016.png 1 0 0 263 261
p/1593393417015.png 1 0 0 255 252
p/1593393417014.png 1 0 0 263 256
p/1593393417013.png 1 0 0 257 254
p/1593393417012.png 1 0 0 262 256
p/1593393417011.png 1 0 0 260 257
p/1593393417010.png 1 0 0 260 254
p/1593393417009.png 1 0 0 281 260
p/1593393417008.png 1 0 0 258 253
p/1593393417007.png 1 0 0 256 253
p/1593393417006.png 1 0 0 255 256
p/1593393417005.png 1 0 0 275 262
p/1593393417004.png 1 0 0 250 249
p/1593393417003.png 1 0 0 263 254
p/1593393417002.png 1 0 0 261 256
p/1593393417001.png 1 0 0 266 269
p/1593393417000.png 1 0 0 335 296
p/1593393416999.png 1 0 0 262 281
p/1593393416998.png 1 0 0 272 278
p/1593393416997.png 1 0 0 259 274
p/1593393416996.png 1 0 0 289 270
p/1593393416995.png 1 0 0 270 269
p/1593393416994.png 1 0 0 264 269
p/1593393416993.png 1 0 0 268 268
p/1593393416992.png 1 0 0 268 264
p/1593393416991.png 1 0 0 309 285
p/1593393416990.png 1 0 0 280 266
p/1593393416989.png 1 0 0 292 297
p/1593393416988.png 1 0 0 274 278
p/1593393416987.png 1 0 0 286 267
p/1593393416986.png 1 0 0 258 252
p/1593393416985.png 1 0 0 311 303
p/1593393416984.png 1 0 0 274 273
p/1593393416983.png 1 0 0 273 272
p/1593393416982.png 1 0 0 245 256
p/1593393416981.png 1 0 0 296 327
p/1593393416980.png 1 0 0 288 350
p/1593393416979.png 1 0 0 293 302
p/adfs.png 1 0 0 288 312
p/1593393416978.png 1 0 0 269 283
p/1593393416977.png 1 0 0 277 281
p/1593393416976.png 1 0 0 302 293
p/1593393416975.png 1 0 0 347 354
p/1593393416974.png 1 0 0 306 343
p/1593393416973.png 1 0 0 274 284
p/1593393416972.png 1 0 0 257 265
p/1593393416971.png 1 0 0 286 258
p/1593393416970.png 1 0 0 268 259
p/1593393416969.png 1 0 0 284 276
p/1593393416968.png 1 0 0 261 250
p/1593393416967.png 1 0 0 300 268
p/1593393416966.png 1 0 0 257 252
p/1593393416965.png 1 0 0 269 255
p/1593393416964.png 1 0 0 264 249
p/1593393416963.png 1 0 0 270 252
p/1593393416962.png 1 0 0 289 261
p/1593393416961.png 1 0 0 281 260
p/1593393416960.png 1 0 0 278 256
p/1593393416959.png 1 0 0 269 250
p/1593393416958.png 1 0 0 272 255
p/1593393416957.png 1 0 0 268 246
p/1593393416956.png 1 0 0 270 244
p/1593393416955.png 1 0 0 269 250
p/1593393416954.png 1 0 0 269 258
p/1593393416953.png 1 0 0 270 246
p/1593393416952.png 1 0 0 260 258
p/1593393416951.png 1 0 0 281 245
p/1593393416950.png 1 0 0 264 259
p/1593393416949.png 1 0 0 264 251
p/1593393416948.png 1 0 0 280 263
p/1593393416947.png 1 0 0 259 260
p/1593393416946.png 1 0 0 261 260
p/1593393416945.png 1 0 0 286 266
p/1593393416944.png 1 0 0 271 267
p/1593393416943.png 1 0 0 265 256
p/1593393416942.png 1 0 0 276 253
p/1593393416941.png 1 0 0 262 262
p/1593393416940.png 1 0 0 264 249
p/1593393416939.png 1 0 0 265 247
p/1593393416938.png 1 0 0 255 247
p/1593393416937.png 1 0 0 256 250
p/1593393416936.png 1 0 0 262 258
p/1593393416935.png 1 0 0 270 271
p/1593393416934.png 1 0 0 268 267
p/1593393416933.png 1 0 0 256 262
p/1593393416932.png 1 0 0 265 258
p/1593393416931.png 1 0 0 270 261
p/1593393416930.png 1 0 0 278 250
p/1593393416929.png 1 0 0 253 248
p/1593393416928.png 1 0 0 261 245
p/1593393416927.png 1 0 0 251 242
p/1593393416926.png 1 0 0 257 256
p/1593393416925.png 1 0 0 263 255
p/1593393416924.png 1 0 0 270 271
p/1593393416923.png 1 0 0 252 251
p/1593393416922.png 1 0 0 232 240
p/1593393416921.png 1 0 0 252 251
p/1593393416920.png 1 0 0 335 342
p/1593393416919.png 1 0 0 292 346
p/1593393416918.png 1 0 0 492 344
p/1593393416917.png 1 0 0 325 330
p/1593393416916.png 1 0 0 362 295
p/1593393416915.png 1 0 0 213 229
p/1593393416914.png 1 0 0 175 188
p/1593393416913.png 1 0 0 236 255
p/1593393416912.png 1 0 0 220 232
p/1593393416911.png 1 0 0 235 249
p/1593388460499.png 1 0 0 314 299
p/1593388460498.png 1 0 0 274 300
p/1593388460497.png 1 0 0 283 255
p/1593388460496.png 1 0 0 246 258
p/1593388460495.png 1 0 0 281 260
p/1593388460494.png 1 0 0 279 258
p/1593388460489.png 1 0 0 254 246
p/1593388460488.png 1 0 0 276 259
p/1593388460487.png 1 0 0 303 282
p/1593388460486.png 1 0 0 275 253
p/1593388460485.png 1 0 0 297 258
p/1593388460484.png 1 0 0 274 245
p/1593388460483.png 1 0 0 286 263
p/1593388460482.png 1 0 0 278 284
p/1593388460481.png 1 0 0 308 256
p/1593388460480.png 1 0 0 305 255
p/1593388460479.png 1 0 0 256 256
p/1593388460478.png 1 0 0 278 259
p/1593388460477.png 1 0 0 246 256
p/1593388460450.png 1 0 0 271 261
p/1593388460449.png 1 0 0 256 257
p/1593388460448.png 1 0 0 278 268
p/1593388460447.png 1 0 0 268 245
p/1593388460446.png 1 0 0 289 265
p/1593388460445.png 1 0 0 253 247
p/1593388460444.png 1 0 0 268 250
p/1593388460443.png 1 0 0 256 261
p/1593388460442.png 1 0 0 261 261
p/1593388460441.png 1 0 0 292 280
p/1593388460440.png 1 0 0 285 265
p/1593388460438.png 1 0 0 299 278
p/1593388460437.png 1 0 0 289 287
p/1593388460423.png 1 0 0 290 255
p/1593388460421.png 1 0 0 307 273
p/1593388460420.png 1 0 0 283 255
p/1593388460419.png 1 0 0 263 244
p/1593388460418.png 1 0 0 263 271
p/1593388460417.png 1 0 0 271 257
p/1593388460416.png 1 0 0 279 276
p/1593388460415.png 1 0 0 266 271
p/1593388460414.png 1 0 0 306 290
p/1593388460413.png 1 0 0 329 276
p/1593388460412.png 1 0 0 298 298
p/1593388460410.png 1 0 0 325 293
p/1593388460409.png 1 0 0 311 271
p/1593388460408.png 1 0 0 356 284
p/1593388460407.png 1 0 0 343 290
p/1593388460406.png 1 0 0 269 300
p/1593388460548.png 1 0 0 286 310
p/1593388460547.png 1 0 0 279 280
p/1593388460546.png 1 0 0 279 254
p/1593388460545.png 1 0 0 332 276
p/1593388460544.png 1 0 0 329 303
p/1593388460543.png 1 0 0 295 281
p/1593388460542.png 1 0 0 304 269
p/1593388460541.png 1 0 0 283 282
p/1593388460518.png 1 0 0 280 268
p/1593388460517.png 1 0 0 284 276
p/1593388460516.png 1 0 0 293 301
p/1593388460515.png 1 0 0 277 256
p/1593388460514.png 1 0 0 261 279
p/1593388460513.png 1 0 0 280 269
p/1593388460512.png 1 0 0 291 275
p/1593388460511.png 1 0 0 278 263
p/1593388460510.png 1 0 0 282 261
p/1593388460393.png 1 0 0 296 276
p/1593388460561.png 1 0 0 252 278
p/1593388460392.png 1 0 0 255 250
p/1593388460509.png 1 0 0 273 241
p/1593388460508.png 1 0 0 274 257
p/1593388460507.png 1 0 0 284 267
p/1593388460506.png 1 0 0 300 253
p/1593388460505.png 1 0 0 278 265
p/1593388460504.png 1 0 0 269 273
p/1593388460503.png 1 0 0 266 257
p/1593388460501.png 1 0 0 270 255
p/1593388460500.png 1 0 0 248 254
p/1593388460405.png 1 0 0 264 265
p/1593388460403.png 1 0 0 260 248
p/1593388460402.png 1 0 0 248 260
p/1593388460400.png 1 0 0 299 306
p/1593388460399.png 1 0 0 347 345
p/1593388460398.png 1 0 0 302 307
p/1593388460397.png 1 0 0 316 350
p/1593388460396.png 1 0 0 300 311